d:\projects vs\pg_lab\pg_final\pg_final\x64\release\vc143.pdb
d:\projects vs\pg_lab\pg_final\pg_final\x64\release\window.obj
d:\projects vs\pg_lab\pg_final\pg_final\x64\release\tiny_obj_loader.obj
d:\projects vs\pg_lab\pg_final\pg_final\x64\release\stb_image.obj
d:\projects vs\pg_lab\pg_final\pg_final\x64\release\skybox.obj
d:\projects vs\pg_lab\pg_final\pg_final\x64\release\shader.obj
d:\projects vs\pg_lab\pg_final\pg_final\x64\release\model3d.obj
d:\projects vs\pg_lab\pg_final\pg_final\x64\release\mesh.obj
d:\projects vs\pg_lab\pg_final\pg_final\x64\release\main.obj
d:\projects vs\pg_lab\pg_final\pg_final\x64\release\camera.obj
d:\projects vs\pg_lab\pg_final\x64\release\pg_final.exe
d:\projects vs\pg_lab\pg_final\x64\release\pg_final.pdb
d:\projects vs\pg_lab\pg_final\pg_final\x64\release\pg_final.iobj
d:\projects vs\pg_lab\pg_final\pg_final\x64\release\pg_final.ipdb
d:\projects vs\pg_lab\pg_final\pg_final\x64\release\pg_final.tlog\cl.command.1.tlog
d:\projects vs\pg_lab\pg_final\pg_final\x64\release\pg_final.tlog\cl.read.1.tlog
d:\projects vs\pg_lab\pg_final\pg_final\x64\release\pg_final.tlog\cl.write.1.tlog
d:\projects vs\pg_lab\pg_final\pg_final\x64\release\pg_final.tlog\link.command.1.tlog
d:\projects vs\pg_lab\pg_final\pg_final\x64\release\pg_final.tlog\link.read.1.tlog
d:\projects vs\pg_lab\pg_final\pg_final\x64\release\pg_final.tlog\link.write.1.tlog
